<?xml version="1.0" encoding="UTF-8"?>
<!-- Generated by org.testng.reporters.JUnitReportReporter -->
<testsuite skipped="0" hostname="DESKTOP-C6SCVB2" name="testapk.Testcases" tests="5" failures="0" timestamp="2019-12-09T14:50:07 PKT" time="62.579" errors="0">
  <testcase name="tc2" time="14.184" classname="testapk.Testcases"/>
  <testcase name="tc3" time="13.742" classname="testapk.Testcases"/>
  <testcase name="tc4" time="12.025" classname="testapk.Testcases"/>
  <testcase name="tc5" time="13.065" classname="testapk.Testcases"/>
  <testcase name="tc6" time="9.563" classname="testapk.Testcases"/>
</testsuite> <!-- testapk.Testcases -->
