<?xml version="1.0" encoding="UTF-8"?>
<!-- Generated by org.testng.reporters.JUnitReportReporter -->
<testsuite skipped="0" hostname="DESKTOP-C6SCVB2" name="testapk.Testcases" tests="5" failures="0" timestamp="2019-12-09T14:56:32 PKT" time="62.311" errors="0">
  <testcase name="tc2" time="13.606" classname="testapk.Testcases"/>
  <testcase name="tc3" time="14.442" classname="testapk.Testcases"/>
  <testcase name="tc4" time="11.786" classname="testapk.Testcases"/>
  <testcase name="tc5" time="12.544" classname="testapk.Testcases"/>
  <testcase name="tc6" time="9.933" classname="testapk.Testcases"/>
</testsuite> <!-- testapk.Testcases -->
