<?xml version="1.0" encoding="UTF-8"?>
<!-- Generated by org.testng.reporters.JUnitReportReporter -->
<testsuite skipped="0" hostname="DESKTOP-C6SCVB2" name="testapk.Testcases" tests="5" failures="0" timestamp="2019-12-09T12:54:56 PKT" time="59.834" errors="0">
  <testcase name="tc2" time="13.145" classname="testapk.Testcases"/>
  <testcase name="tc3" time="12.998" classname="testapk.Testcases"/>
  <testcase name="tc4" time="11.736" classname="testapk.Testcases"/>
  <testcase name="tc5" time="12.502" classname="testapk.Testcases"/>
  <testcase name="tc6" time="9.453" classname="testapk.Testcases"/>
</testsuite> <!-- testapk.Testcases -->
