<?xml version="1.0" encoding="UTF-8"?>
<!-- Generated by org.testng.reporters.JUnitReportReporter -->
<testsuite skipped="0" hostname="DESKTOP-C6SCVB2" name="testapk.Testcases" tests="3" failures="0" timestamp="2019-12-06T17:49:33 PKT" time="39.423" errors="0">
  <testcase name="tc1" time="13.970" classname="testapk.Testcases"/>
  <testcase name="tc3" time="12.058" classname="testapk.Testcases"/>
  <testcase name="tc4" time="13.395" classname="testapk.Testcases"/>
</testsuite> <!-- testapk.Testcases -->
